<?xml version="1.0" encoding="UTF-8"?>
<!-- Generated by org.testng.reporters.JUnitXMLReporter -->
<testsuite hostname="AmitB-DellXPS" name="Search on Chrome" tests="3" failures="0" timestamp="25 Jul 2016 20:22:02 GMT" time="43.931" errors="0">
  <testcase name="TestOrganicSearch" time="10.354" classname="testing.msn.homepage.MSNTestClass"/>
  <testcase name="TestOrganicSearch" time="11.251" classname="testing.msn.homepage.MSNTestClass"/>
  <testcase name="TestOrganicSearch" time="11.766" classname="testing.msn.homepage.MSNTestClass"/>
</testsuite> <!-- Search on Chrome -->
